<?xml version="1.0" encoding="UTF-8"?>
<testsuite name="tests.BookStoreTests" tests="1" skipped="0" failures="0" errors="0" timestamp="2021-05-31T04:55:44" hostname="KUSLIN" time="4.614">
  <properties/>
  <testcase name="withModelTest()" classname="tests.BookStoreTests" time="4.614"/>
  <system-out><![CDATA[Request URI:	https://demoqa.com/Account/v1/GenerateToken
Body:
{
    "userName": "alex",
    "password": "asdsad#frew_DFS2"
}
{
    "token": "eyJhbGciOiJIUzI1NiIsInR5cCI6IkpXVCJ9.eyJ1c2VyTmFtZSI6ImFsZXgiLCJwYXNzd29yZCI6ImFzZHNhZCNmcmV3X0RGUzIiLCJpYXQiOjE2MjI0MzY5NDZ9.Yf4gJeX2lIGFi4KxWEgbq4LgiarS7N8euYVnMQHEAFY",
    "expires": "2021-06-07T04:55:46.192Z",
    "status": "Success",
    "result": "User authorized successfully."
}
]]></system-out>
  <system-err><![CDATA[]]></system-err>
</testsuite>
